106.03.20 14:30 B D:\USERS\Lijun\Courses\CS560-460_Spring2006_MSXP\Assignment3\cssample4\cssample4.aps --> gicstone.cs.binghamton.edu /home/lijun/public_html/CS560-460_Spring2006/Assignment3/cssample4 cssample4.aps
106.03.20 14:30 B D:\USERS\Lijun\Courses\CS560-460_Spring2006_MSXP\Assignment3\cssample4\cssample4.clw --> gicstone.cs.binghamton.edu /home/lijun/public_html/CS560-460_Spring2006/Assignment3/cssample4 cssample4.clw
106.03.20 14:30 B D:\USERS\Lijun\Courses\CS560-460_Spring2006_MSXP\Assignment3\cssample4\cssample4.cpp --> gicstone.cs.binghamton.edu /home/lijun/public_html/CS560-460_Spring2006/Assignment3/cssample4 cssample4.cpp
106.03.20 14:30 B D:\USERS\Lijun\Courses\CS560-460_Spring2006_MSXP\Assignment3\cssample4\cssample4.dsp --> gicstone.cs.binghamton.edu /home/lijun/public_html/CS560-460_Spring2006/Assignment3/cssample4 cssample4.dsp
106.03.20 14:30 B D:\USERS\Lijun\Courses\CS560-460_Spring2006_MSXP\Assignment3\cssample4\cssample4.dsw --> gicstone.cs.binghamton.edu /home/lijun/public_html/CS560-460_Spring2006/Assignment3/cssample4 cssample4.dsw
106.03.20 14:30 B D:\USERS\Lijun\Courses\CS560-460_Spring2006_MSXP\Assignment3\cssample4\cssample4.h --> gicstone.cs.binghamton.edu /home/lijun/public_html/CS560-460_Spring2006/Assignment3/cssample4 cssample4.h
106.03.20 14:30 B D:\USERS\Lijun\Courses\CS560-460_Spring2006_MSXP\Assignment3\cssample4\cssample4.ncb --> gicstone.cs.binghamton.edu /home/lijun/public_html/CS560-460_Spring2006/Assignment3/cssample4 cssample4.ncb
106.03.20 14:30 B D:\USERS\Lijun\Courses\CS560-460_Spring2006_MSXP\Assignment3\cssample4\cssample4.opt --> gicstone.cs.binghamton.edu /home/lijun/public_html/CS560-460_Spring2006/Assignment3/cssample4 cssample4.opt
106.03.20 14:30 B D:\USERS\Lijun\Courses\CS560-460_Spring2006_MSXP\Assignment3\cssample4\cssample4.plg --> gicstone.cs.binghamton.edu /home/lijun/public_html/CS560-460_Spring2006/Assignment3/cssample4 cssample4.plg
106.03.20 14:30 B D:\USERS\Lijun\Courses\CS560-460_Spring2006_MSXP\Assignment3\cssample4\cssample4.rc --> gicstone.cs.binghamton.edu /home/lijun/public_html/CS560-460_Spring2006/Assignment3/cssample4 cssample4.rc
106.03.20 14:30 B D:\USERS\Lijun\Courses\CS560-460_Spring2006_MSXP\Assignment3\cssample4\cssample4Doc.cpp --> gicstone.cs.binghamton.edu /home/lijun/public_html/CS560-460_Spring2006/Assignment3/cssample4 cssample4Doc.cpp
106.03.20 14:30 B D:\USERS\Lijun\Courses\CS560-460_Spring2006_MSXP\Assignment3\cssample4\cssample4Doc.h --> gicstone.cs.binghamton.edu /home/lijun/public_html/CS560-460_Spring2006/Assignment3/cssample4 cssample4Doc.h
106.03.20 14:30 B D:\USERS\Lijun\Courses\CS560-460_Spring2006_MSXP\Assignment3\cssample4\cssample4View.cpp --> gicstone.cs.binghamton.edu /home/lijun/public_html/CS560-460_Spring2006/Assignment3/cssample4 cssample4View.cpp
106.03.20 14:30 B D:\USERS\Lijun\Courses\CS560-460_Spring2006_MSXP\Assignment3\cssample4\cssample4View.h --> gicstone.cs.binghamton.edu /home/lijun/public_html/CS560-460_Spring2006/Assignment3/cssample4 cssample4View.h
106.03.20 14:30 B D:\USERS\Lijun\Courses\CS560-460_Spring2006_MSXP\Assignment3\cssample4\flower.bmp --> gicstone.cs.binghamton.edu /home/lijun/public_html/CS560-460_Spring2006/Assignment3/cssample4 flower.bmp
106.03.20 14:30 B D:\USERS\Lijun\Courses\CS560-460_Spring2006_MSXP\Assignment3\cssample4\MainFrm.cpp --> gicstone.cs.binghamton.edu /home/lijun/public_html/CS560-460_Spring2006/Assignment3/cssample4 MainFrm.cpp
106.03.20 14:30 B D:\USERS\Lijun\Courses\CS560-460_Spring2006_MSXP\Assignment3\cssample4\MainFrm.h --> gicstone.cs.binghamton.edu /home/lijun/public_html/CS560-460_Spring2006/Assignment3/cssample4 MainFrm.h
106.03.20 14:30 B D:\USERS\Lijun\Courses\CS560-460_Spring2006_MSXP\Assignment3\cssample4\ReadMe.txt --> gicstone.cs.binghamton.edu /home/lijun/public_html/CS560-460_Spring2006/Assignment3/cssample4 ReadMe.txt
106.03.20 14:30 B D:\USERS\Lijun\Courses\CS560-460_Spring2006_MSXP\Assignment3\cssample4\resource.h --> gicstone.cs.binghamton.edu /home/lijun/public_html/CS560-460_Spring2006/Assignment3/cssample4 resource.h
106.03.20 14:30 B D:\USERS\Lijun\Courses\CS560-460_Spring2006_MSXP\Assignment3\cssample4\StdAfx.cpp --> gicstone.cs.binghamton.edu /home/lijun/public_html/CS560-460_Spring2006/Assignment3/cssample4 StdAfx.cpp
106.03.20 14:30 B D:\USERS\Lijun\Courses\CS560-460_Spring2006_MSXP\Assignment3\cssample4\StdAfx.h --> gicstone.cs.binghamton.edu /home/lijun/public_html/CS560-460_Spring2006/Assignment3/cssample4 StdAfx.h
